<?xml version="1.0" encoding="UTF-8"?>
<!-- Generated by org.testng.reporters.JUnitReportReporter -->
<testsuite name="com.test.automation.uiAutomation.addToCart.TC001_VerifyAaddToCart" tests="1" time="8.232" ignored="0" failures="0" timestamp="02 Aug 2018 12:05:18 GMT" skipped="0" hostname="PNGD1263" errors="0">
  <testcase name="TS001_verifyAaddToCart" time="8.232" classname="com.test.automation.uiAutomation.addToCart.TC001_VerifyAaddToCart"/>
</testsuite> <!-- com.test.automation.uiAutomation.addToCart.TC001_VerifyAaddToCart -->
